<?xml version="1.0" encoding="UTF-8"?>
<!-- Generated by org.testng.reporters.JUnitXMLReporter -->
<testsuite ignored="2" hostname="Pritam-h17" failures="0" tests="1" name="Default test" time="1.947" errors="0" timestamp="2024-12-04T09:17:40 IST">
  <testcase classname="demo.localAPI" name="get1" time="1.882"/>
  <testcase classname="demo.localAPI" name="post" time="0.0">
    <ignored/>
  </testcase> <!-- post -->
  <testcase classname="demo.localAPI" name="get" time="0.0">
    <ignored/>
  </testcase> <!-- get -->
</testsuite> <!-- Default test -->
