<?xml version="1.0" encoding="UTF-8"?>
<testng-results ignored="0" total="1" passed="1" failed="0" skipped="0">
  <reporter-output>
  </reporter-output>
  <suite started-at="2024-12-03T09:42:31 IST" name="Default suite" finished-at="2024-12-03T09:42:35 IST" duration-ms="3725">
    <groups>
    </groups>
    <test started-at="2024-12-03T09:42:31 IST" name="Default test" finished-at="2024-12-03T09:42:35 IST" duration-ms="3725">
      <class name="demo.patch">
        <test-method signature="ptach_req()[pri:0, instance:demo.patch@478190fc]" started-at="2024-12-03T09:42:31 IST" name="ptach_req" finished-at="2024-12-03T09:42:35 IST" duration-ms="3655" status="PASS">
          <reporter-output>
          </reporter-output>
        </test-method> <!-- ptach_req -->
      </class> <!-- demo.patch -->
    </test> <!-- Default test -->
  </suite> <!-- Default suite -->
</testng-results>
