<?xml version="1.0" encoding="UTF-8"?>
<testng-results ignored="0" total="1" passed="1" failed="0" skipped="0">
  <reporter-output>
  </reporter-output>
  <suite started-at="2024-12-03T09:35:51 IST" name="Default suite" finished-at="2024-12-03T09:35:55 IST" duration-ms="3489">
    <groups>
    </groups>
    <test started-at="2024-12-03T09:35:51 IST" name="Default test" finished-at="2024-12-03T09:35:55 IST" duration-ms="3489">
      <class name="demo.put">
        <test-method signature="put_res()[pri:0, instance:demo.put@5c5eefef]" started-at="2024-12-03T09:35:51 IST" name="put_res" finished-at="2024-12-03T09:35:55 IST" duration-ms="3429" status="PASS">
          <reporter-output>
          </reporter-output>
        </test-method> <!-- put_res -->
      </class> <!-- demo.put -->
    </test> <!-- Default test -->
  </suite> <!-- Default suite -->
</testng-results>
